[  3888.364] 
X.Org X Server 1.21.1.3
X Protocol Version 11, Revision 0
[  3888.364] Current Operating System: Linux pop-os 6.0.6-76060006-generic #202210290932~1669062050~22.04~d94609a SMP PREEMPT_DYNAMIC Mon N x86_64
[  3888.364] Kernel command line: BOOT_IMAGE=/boot/vmlinuz-6.0.6-76060006-generic root=UUID=32dc7662-d816-456f-b2a4-caf34dcf0b15 ro quiet splash vt.handoff=7
[  3888.364] xorg-server 2:21.1.3-2ubuntu2.4 (For technical support please see http://www.ubuntu.com/support) 
[  3888.364] Current version of pixman: 0.40.0
[  3888.364] 	Before reporting problems, check http://wiki.x.org
	to make sure that you have the latest version.
[  3888.364] Markers: (--) probed, (**) from config file, (==) default setting,
	(++) from command line, (!!) notice, (II) informational,
	(WW) warning, (EE) error, (NI) not implemented, (??) unknown.
[  3888.365] (++) Log file: "./10.log", Time: Thu Jul 11 09:41:39 2024
[  3888.365] (++) Using config file: "/etc/X11/xorg.conf.d/dummy-1920x1080.conf"
[  3888.365] (==) Using config directory: "/etc/X11/xorg.conf.d"
[  3888.365] (==) Using system config directory "/usr/share/X11/xorg.conf.d"
[  3888.365] (==) No Layout section.  Using the first Screen section.
[  3888.365] (**) |-->Screen "Default Screen" (0)
[  3888.365] (**) |   |-->Monitor "Configured Monitor"
[  3888.365] (**) |   |-->Device "Configured Video Device"
[  3888.365] (**) |   |-->GPUDevice "Configured Video Device"
[  3888.365] (**) Option "BlankTime" "0"
[  3888.365] (**) Option "StandbyTime" "0"
[  3888.365] (**) Option "SuspendTime" "0"
[  3888.365] (**) Option "OffTime" "0"
[  3888.365] (==) Automatically adding devices
[  3888.365] (==) Automatically enabling devices
[  3888.365] (==) Automatically adding GPU devices
[  3888.365] (==) Automatically binding GPU devices
[  3888.365] (==) Max clients allowed: 256, resource mask: 0x1fffff
[  3888.365] (WW) The directory "/usr/share/fonts/X11/cyrillic" does not exist.
[  3888.365] 	Entry deleted from font path.
[  3888.365] (WW) The directory "/usr/share/fonts/X11/100dpi/" does not exist.
[  3888.365] 	Entry deleted from font path.
[  3888.365] (WW) The directory "/usr/share/fonts/X11/75dpi/" does not exist.
[  3888.365] 	Entry deleted from font path.
[  3888.365] (WW) The directory "/usr/share/fonts/X11/100dpi" does not exist.
[  3888.365] 	Entry deleted from font path.
[  3888.365] (WW) The directory "/usr/share/fonts/X11/75dpi" does not exist.
[  3888.365] 	Entry deleted from font path.
[  3888.365] (==) FontPath set to:
	/usr/share/fonts/X11/misc,
	/usr/share/fonts/X11/Type1,
	built-ins
[  3888.365] (==) ModulePath set to "/usr/lib/xorg/modules"
[  3888.365] (II) The server relies on udev to provide the list of input devices.
	If no devices become available, reconfigure udev or disable AutoAddDevices.
[  3888.365] (II) Loader magic: 0x563641399020
[  3888.365] (II) Module ABI versions:
[  3888.365] 	X.Org ANSI C Emulation: 0.4
[  3888.365] 	X.Org Video Driver: 25.2
[  3888.365] 	X.Org XInput driver : 24.4
[  3888.365] 	X.Org Server Extension : 10.0
[  3888.366] (--) using VT number 2

[  3888.366] (II) systemd-logind: logind integration requires -keeptty and -keeptty was not provided, disabling logind integration
[  3888.366] (II) xfree86: Adding drm device (/dev/dri/card0)
[  3888.366] (II) Platform probe for /sys/devices/pci0000:00/0000:00:01.0/drm/card0
[  3888.369] (--) PCI:*(0@0:1:0) 1234:1111:1af4:1100 rev 2, Mem @ 0xfb000000/16777216, 0xfea14000/4096, BIOS @ 0x????????/131072
[  3888.369] (II) LoadModule: "glx"
[  3888.369] (II) Loading /usr/lib/xorg/modules/extensions/libglx.so
[  3888.370] (II) Module glx: vendor="X.Org Foundation"
[  3888.370] 	compiled for 1.21.1.3, module version = 1.0.0
[  3888.370] 	ABI class: X.Org Server Extension, version 10.0
[  3888.370] (II) LoadModule: "dummy"
[  3888.370] (WW) Warning, couldn't open module dummy
[  3888.370] (EE) Failed to load module "dummy" (module does not exist, 0)
[  3888.370] (==) Matched modesetting as autoconfigured driver 0
[  3888.371] (==) Matched fbdev as autoconfigured driver 1
[  3888.371] (==) Matched vesa as autoconfigured driver 2
[  3888.371] (==) Assigned the driver to the xf86ConfigLayout
[  3888.371] (II) LoadModule: "modesetting"
[  3888.371] (II) Loading /usr/lib/xorg/modules/drivers/modesetting_drv.so
[  3888.371] (II) Module modesetting: vendor="X.Org Foundation"
[  3888.371] 	compiled for 1.21.1.3, module version = 1.21.1
[  3888.371] 	Module class: X.Org Video Driver
[  3888.371] 	ABI class: X.Org Video Driver, version 25.2
[  3888.371] (II) LoadModule: "dummy"
[  3888.371] (WW) Warning, couldn't open module dummy
[  3888.371] (EE) Failed to load module "dummy" (module does not exist, 0)
[  3888.371] (II) LoadModule: "fbdev"
[  3888.371] (II) Loading /usr/lib/xorg/modules/drivers/fbdev_drv.so
[  3888.371] (II) Module fbdev: vendor="X.Org Foundation"
[  3888.371] 	compiled for 1.21.1.3, module version = 0.5.0
[  3888.371] 	Module class: X.Org Video Driver
[  3888.371] 	ABI class: X.Org Video Driver, version 25.2
[  3888.371] (II) LoadModule: "vesa"
[  3888.371] (II) Loading /usr/lib/xorg/modules/drivers/vesa_drv.so
[  3888.371] (II) Module vesa: vendor="X.Org Foundation"
[  3888.371] 	compiled for 1.21.1.3, module version = 2.5.0
[  3888.371] 	Module class: X.Org Video Driver
[  3888.371] 	ABI class: X.Org Video Driver, version 25.2
[  3888.371] (II) modesetting: Driver for Modesetting Kernel Drivers: kms
[  3888.371] (II) FBDEV: driver for framebuffer: fbdev
[  3888.371] (II) VESA: driver for VESA chipsets: vesa
[  3888.456] (II) modeset(0): using drv /dev/dri/card0
[  3888.456] (WW) Falling back to old probe method for fbdev
[  3888.456] (II) Loading sub module "fbdevhw"
[  3888.456] (II) LoadModule: "fbdevhw"
[  3888.457] (II) Loading /usr/lib/xorg/modules/libfbdevhw.so
[  3888.457] (II) Module fbdevhw: vendor="X.Org Foundation"
[  3888.457] 	compiled for 1.21.1.3, module version = 0.0.2
[  3888.457] 	ABI class: X.Org Video Driver, version 25.2
[  3888.457] (**) modeset(0): Depth 24, (--) framebuffer bpp 32
[  3888.457] (==) modeset(0): RGB weight 888
[  3888.457] (==) modeset(0): Default visual is TrueColor
[  3888.457] (II) Loading sub module "glamoregl"
[  3888.458] (II) LoadModule: "glamoregl"
[  3888.458] (II) Loading /usr/lib/xorg/modules/libglamoregl.so
[  3888.462] (II) Module glamoregl: vendor="X.Org Foundation"
[  3888.462] 	compiled for 1.21.1.3, module version = 1.0.1
[  3888.463] 	ABI class: X.Org ANSI C Emulation, version 0.4
[  3888.529] (II) modeset(0): Allowing glamor on llvmpipe for PRIME
[  3888.529] (II) modeset(0): glamor X acceleration enabled on llvmpipe (LLVM 14.0.0, 256 bits)
[  3888.529] (II) modeset(0): glamor initialized
[  3888.529] (==) modeset(0): VariableRefresh: disabled
[  3888.529] (==) modeset(0): AsyncFlipSecondaries: disabled
[  3888.530] (II) modeset(0): Output Virtual-1 using monitor section Configured Monitor
[  3888.530] (II) modeset(0): EDID for output Virtual-1
[  3888.530] (II) modeset(0): Manufacturer: RHT  Model: 1234  Serial#: 0
[  3888.530] (II) modeset(0): Year: 2014  Week: 42
[  3888.530] (II) modeset(0): EDID Version: 1.4
[  3888.530] (II) modeset(0): Digital Display Input
[  3888.530] (II) modeset(0): 8 bits per channel
[  3888.530] (II) modeset(0): Digital interface is DisplayPort
[  3888.530] (II) modeset(0): Max Image Size [cm]: horiz.: 32  vert.: 20
[  3888.530] (II) modeset(0): Gamma: 2.20
[  3888.530] (II) modeset(0): No DPMS capabilities specified
[  3888.530] (II) modeset(0): Supported color encodings: RGB 4:4:4 
[  3888.530] (II) modeset(0): Default color space is primary color space
[  3888.530] (II) modeset(0): First detailed timing is preferred mode
[  3888.530] (II) modeset(0): Preferred mode is native pixel format and refresh rate
[  3888.530] (II) modeset(0): redX: 0.640 redY: 0.330   greenX: 0.300 greenY: 0.600
[  3888.530] (II) modeset(0): blueX: 0.150 blueY: 0.060   whiteX: 0.312 whiteY: 0.329
[  3888.530] (II) modeset(0): Supported established timings:
[  3888.530] (II) modeset(0): 640x480@60Hz
[  3888.530] (II) modeset(0): 800x600@60Hz
[  3888.530] (II) modeset(0): 1024x768@60Hz
[  3888.530] (II) modeset(0): Manufacturer's mask: 0
[  3888.530] (II) modeset(0): Supported standard timings:
[  3888.530] (II) modeset(0): #0: hsize: 2048  vsize 1152  refresh: 60  vid: 49377
[  3888.530] (II) modeset(0): #1: hsize: 1920  vsize 1080  refresh: 60  vid: 49361
[  3888.530] (II) modeset(0): #2: hsize: 1920  vsize 1200  refresh: 60  vid: 209
[  3888.530] (II) modeset(0): #3: hsize: 1600  vsize 1200  refresh: 60  vid: 16553
[  3888.530] (II) modeset(0): #4: hsize: 1680  vsize 1050  refresh: 60  vid: 179
[  3888.530] (II) modeset(0): #5: hsize: 1440  vsize 900  refresh: 60  vid: 149
[  3888.530] (II) modeset(0): #6: hsize: 1280  vsize 1024  refresh: 60  vid: 32897
[  3888.530] (II) modeset(0): #7: hsize: 1280  vsize 960  refresh: 60  vid: 16513
[  3888.530] (II) modeset(0): Supported detailed timing:
[  3888.530] (II) modeset(0): clock: 107.3 MHz   Image Size:  325 x 203 mm
[  3888.530] (II) modeset(0): h_active: 1280  h_sync: 1600  h_sync_end 1638 h_blank_end 1728 h_border: 0
[  3888.530] (II) modeset(0): v_active: 800  v_sync: 804  v_sync_end 808 v_blanking: 828 v_border: 0
[  3888.530] (II) modeset(0): Established timings III: (not decoded)
[  3888.530] (II) modeset(0): Ranges: V min: 50 V max: 125 Hz, H min: 30 H max: 160 kHz,
[  3888.530] (II) modeset(0): Monitor name: QEMU Monitor
[  3888.530] (II) modeset(0): Number of EDID sections to follow: 1
[  3888.530] (II) modeset(0): EDID (in hex):
[  3888.530] (II) modeset(0): 	00ffffffffffff004914341200000000
[  3888.530] (II) modeset(0): 	2a180104a520147806ee91a3544c9926
[  3888.530] (II) modeset(0): 	0f5054210800e1c0d1c0d100a940b300
[  3888.530] (II) modeset(0): 	950081808140ea2900c051201c304026
[  3888.530] (II) modeset(0): 	444045cb10000018000000f7000a0040
[  3888.530] (II) modeset(0): 	82002820000000000000000000fd0032
[  3888.530] (II) modeset(0): 	7d1ea0ff010a202020202020000000fc
[  3888.530] (II) modeset(0): 	0051454d55204d6f6e69746f720a013a
[  3888.530] (II) modeset(0): 	02030b00467d6560591f610000001000
[  3888.530] (II) modeset(0): 	00000000000000000000000000000000
[  3888.530] (II) modeset(0): 	10000000000000000000000000000000
[  3888.530] (II) modeset(0): 	00001000000000000000000000000000
[  3888.530] (II) modeset(0): 	00000000100000000000000000000000
[  3888.530] (II) modeset(0): 	00000000000010000000000000000000
[  3888.530] (II) modeset(0): 	00000000000000001000000000000000
[  3888.530] (II) modeset(0): 	0000000000000000000000000000002f
[  3888.530] (II) modeset(0): Printing probed modes for output Virtual-1
[  3888.530] (II) modeset(0): Modeline "1280x800"x75.0  107.30  1280 1600 1638 1728  800 804 808 828 -hsync -vsync (62.1 kHz eP)
[  3888.530] (II) modeset(0): Modeline "1920x1080"x60.0  148.50  1920 2008 2052 2200  1080 1084 1089 1125 -hsync -vsync (67.5 kHz e)
[  3888.530] (II) modeset(0): Modeline "1920x1080"x50.0  148.50  1920 2448 2492 2640  1080 1084 1089 1125 +hsync +vsync (56.2 kHz e)
[  3888.530] (II) modeset(0): Modeline "1600x1200"x60.0  162.00  1600 1664 1856 2160  1200 1201 1204 1250 +hsync +vsync (75.0 kHz e)
[  3888.530] (II) modeset(0): Modeline "1680x1050"x60.0  146.25  1680 1784 1960 2240  1050 1053 1059 1089 -hsync +vsync (65.3 kHz e)
[  3888.530] (II) modeset(0): Modeline "1400x1050"x60.0  121.75  1400 1488 1632 1864  1050 1053 1057 1089 -hsync +vsync (65.3 kHz e)
[  3888.530] (II) modeset(0): Modeline "1280x1024"x60.0  108.00  1280 1328 1440 1688  1024 1025 1028 1066 +hsync +vsync (64.0 kHz e)
[  3888.530] (II) modeset(0): Modeline "1440x900"x59.9  106.50  1440 1520 1672 1904  900 903 909 934 -hsync +vsync (55.9 kHz e)
[  3888.530] (II) modeset(0): Modeline "1280x960"x60.0  108.00  1280 1376 1488 1800  960 961 964 1000 +hsync +vsync (60.0 kHz e)
[  3888.530] (II) modeset(0): Modeline "1360x768"x60.0   85.50  1360 1424 1536 1792  768 771 777 795 +hsync +vsync (47.7 kHz e)
[  3888.530] (II) modeset(0): Modeline "1280x768"x59.9   79.50  1280 1344 1472 1664  768 771 778 798 -hsync +vsync (47.8 kHz e)
[  3888.530] (II) modeset(0): Modeline "1024x768"x60.0   65.00  1024 1048 1184 1344  768 771 777 806 -hsync -vsync (48.4 kHz e)
[  3888.530] (II) modeset(0): Modeline "800x600"x60.3   40.00  800 840 968 1056  600 601 605 628 +hsync +vsync (37.9 kHz e)
[  3888.530] (II) modeset(0): Modeline "640x480"x60.0   25.20  640 656 752 800  480 490 492 525 -hsync -vsync (31.5 kHz e)
[  3888.530] (II) modeset(0): Modeline "640x480"x59.9   25.18  640 656 752 800  480 490 492 525 -hsync -vsync (31.5 kHz e)
[  3888.530] (II) modeset(0): Output Virtual-1 connected
[  3888.530] (II) modeset(0): Using exact sizes for initial modes
[  3888.530] (II) modeset(0): Output Virtual-1 using initial mode 1280x800 +0+0
[  3888.530] (==) modeset(0): Using gamma correction (1.0, 1.0, 1.0)
[  3888.530] (==) modeset(0): DPI set to (96, 96)
[  3888.530] (II) Loading sub module "fb"
[  3888.530] (II) LoadModule: "fb"
[  3888.530] (II) Module "fb" already built-in
[  3888.530] (II) UnloadModule: "fbdev"
[  3888.530] (II) Unloading fbdev
[  3888.531] (II) UnloadSubModule: "fbdevhw"
[  3888.531] (II) Unloading fbdevhw
[  3888.531] (II) UnloadModule: "vesa"
[  3888.531] (II) Unloading vesa
[  3888.747] (==) modeset(0): Backing store enabled
[  3888.747] (==) modeset(0): Silken mouse enabled
[  3888.747] (II) modeset(0): Initializing kms color map for depth 24, 8 bpc.
[  3888.747] (==) modeset(0): DPMS enabled
[  3888.747] (II) modeset(0): [DRI2] Setup complete
[  3888.747] (II) modeset(0): [DRI2]   DRI driver: kms_swrast
[  3888.747] (II) modeset(0): [DRI2]   VDPAU driver: kms_swrast
[  3888.747] (II) Initializing extension Generic Event Extension
[  3888.747] (II) Initializing extension SHAPE
[  3888.748] (II) Initializing extension MIT-SHM
[  3888.748] (II) Initializing extension XInputExtension
[  3888.748] (II) Initializing extension XTEST
[  3888.748] (II) Initializing extension BIG-REQUESTS
[  3888.748] (II) Initializing extension SYNC
[  3888.748] (II) Initializing extension XKEYBOARD
[  3888.748] (II) Initializing extension XC-MISC
[  3888.748] (II) Initializing extension SECURITY
[  3888.748] (II) Initializing extension XFIXES
[  3888.749] (II) Initializing extension RENDER
[  3888.749] (II) Initializing extension RANDR
[  3888.749] (II) Initializing extension COMPOSITE
[  3888.749] (II) Initializing extension DAMAGE
[  3888.749] (II) Initializing extension MIT-SCREEN-SAVER
[  3888.749] (II) Initializing extension DOUBLE-BUFFER
[  3888.749] (II) Initializing extension RECORD
[  3888.749] (II) Initializing extension DPMS
[  3888.749] (II) Initializing extension Present
[  3888.749] (II) Initializing extension DRI3
[  3888.750] (II) Initializing extension X-Resource
[  3888.750] (II) Initializing extension XVideo
[  3888.750] (II) Initializing extension XVideo-MotionCompensation
[  3888.750] (II) Initializing extension SELinux
[  3888.750] (II) SELinux: Disabled on system
[  3888.750] (II) Initializing extension GLX
[  3888.753] (II) AIGLX: Loaded and initialized kms_swrast
[  3888.753] (II) GLX: Initialized DRI2 GL provider for screen 0
[  3888.753] (II) Initializing extension XFree86-VidModeExtension
[  3888.754] (II) Initializing extension XFree86-DGA
[  3888.754] (II) Initializing extension XFree86-DRI
[  3888.754] (II) Initializing extension DRI2
[  3888.754] (II) modeset(0): Damage tracking initialized
[  3888.754] (II) modeset(0): Setting screen physical size to 338 x 211
[  3888.917] (II) config/udev: Adding input device Power Button (/dev/input/event0)
[  3888.917] (**) Power Button: Applying InputClass "libinput keyboard catchall"
[  3888.917] (II) LoadModule: "libinput"
[  3888.917] (II) Loading /usr/lib/xorg/modules/input/libinput_drv.so
[  3888.919] (II) Module libinput: vendor="X.Org Foundation"
[  3888.919] 	compiled for 1.20.14, module version = 1.2.1
[  3888.919] 	Module class: X.Org XInput Driver
[  3888.919] 	ABI class: X.Org XInput driver, version 24.1
[  3888.919] (II) Using input driver 'libinput' for 'Power Button'
[  3888.919] (**) Power Button: always reports core events
[  3888.919] (**) Option "Device" "/dev/input/event0"
[  3888.920] (II) event0  - Power Button: is tagged by udev as: Keyboard
[  3888.920] (II) event0  - Power Button: device is a keyboard
[  3888.920] (II) event0  - Power Button: device removed
[  3888.940] (**) Option "config_info" "udev:/sys/devices/LNXSYSTM:00/LNXPWRBN:00/input/input0/event0"
[  3888.940] (II) XINPUT: Adding extended input device "Power Button" (type: KEYBOARD, id 6)
[  3888.940] (**) Option "xkb_layout" "us"
[  3888.941] (II) event0  - Power Button: is tagged by udev as: Keyboard
[  3888.941] (II) event0  - Power Button: device is a keyboard
[  3888.942] (II) config/udev: Adding input device QEMU QEMU USB Tablet (/dev/input/event4)
[  3888.942] (**) QEMU QEMU USB Tablet: Applying InputClass "libinput pointer catchall"
[  3888.942] (II) Using input driver 'libinput' for 'QEMU QEMU USB Tablet'
[  3888.942] (**) QEMU QEMU USB Tablet: always reports core events
[  3888.942] (**) Option "Device" "/dev/input/event4"
[  3888.943] (II) event4  - QEMU QEMU USB Tablet: is tagged by udev as: Mouse
[  3888.943] (II) event4  - QEMU QEMU USB Tablet: device is a pointer
[  3888.943] (II) event4  - QEMU QEMU USB Tablet: device removed
[  3888.964] (**) Option "config_info" "udev:/sys/devices/pci0000:00/0000:00:1d.7/usb2/2-1/2-1:1.0/0003:0627:0001.0001/input/input5/event4"
[  3888.964] (II) XINPUT: Adding extended input device "QEMU QEMU USB Tablet" (type: MOUSE, id 7)
[  3888.964] (**) Option "AccelerationScheme" "none"
[  3888.964] (**) QEMU QEMU USB Tablet: (accel) selected scheme none/0
[  3888.964] (**) QEMU QEMU USB Tablet: (accel) acceleration factor: 2.000
[  3888.964] (**) QEMU QEMU USB Tablet: (accel) acceleration threshold: 4
[  3888.965] (II) event4  - QEMU QEMU USB Tablet: is tagged by udev as: Mouse
[  3888.966] (II) event4  - QEMU QEMU USB Tablet: device is a pointer
[  3888.966] (II) config/udev: Adding input device QEMU QEMU USB Tablet (/dev/input/mouse2)
[  3888.966] (II) No input driver specified, ignoring this device.
[  3888.966] (II) This device may have been added with another device file.
[  3888.967] (II) config/udev: Adding input device AT Translated Set 2 keyboard (/dev/input/event1)
[  3888.967] (**) AT Translated Set 2 keyboard: Applying InputClass "libinput keyboard catchall"
[  3888.967] (II) Using input driver 'libinput' for 'AT Translated Set 2 keyboard'
[  3888.967] (**) AT Translated Set 2 keyboard: always reports core events
[  3888.967] (**) Option "Device" "/dev/input/event1"
[  3888.967] (II) event1  - AT Translated Set 2 keyboard: is tagged by udev as: Keyboard
[  3888.967] (II) event1  - AT Translated Set 2 keyboard: device is a keyboard
[  3888.968] (II) event1  - AT Translated Set 2 keyboard: device removed
[  3888.992] (**) Option "config_info" "udev:/sys/devices/platform/i8042/serio0/input/input1/event1"
[  3888.992] (II) XINPUT: Adding extended input device "AT Translated Set 2 keyboard" (type: KEYBOARD, id 8)
[  3888.992] (**) Option "xkb_layout" "us"
[  3888.993] (II) event1  - AT Translated Set 2 keyboard: is tagged by udev as: Keyboard
[  3888.993] (II) event1  - AT Translated Set 2 keyboard: device is a keyboard
[  3888.994] (II) config/udev: Adding input device VirtualPS/2 VMware VMMouse (/dev/input/event3)
[  3888.994] (**) VirtualPS/2 VMware VMMouse: Applying InputClass "libinput pointer catchall"
[  3888.994] (II) Using input driver 'libinput' for 'VirtualPS/2 VMware VMMouse'
[  3888.994] (**) VirtualPS/2 VMware VMMouse: always reports core events
[  3888.994] (**) Option "Device" "/dev/input/event3"
[  3888.994] (II) event3  - VirtualPS/2 VMware VMMouse: is tagged by udev as: Mouse
[  3888.994] (II) event3  - VirtualPS/2 VMware VMMouse: device is a pointer
[  3888.995] (II) event3  - VirtualPS/2 VMware VMMouse: device removed
[  3889.012] (**) Option "config_info" "udev:/sys/devices/platform/i8042/serio1/input/input3/event3"
[  3889.012] (II) XINPUT: Adding extended input device "VirtualPS/2 VMware VMMouse" (type: MOUSE, id 9)
[  3889.012] (**) Option "AccelerationScheme" "none"
[  3889.012] (**) VirtualPS/2 VMware VMMouse: (accel) selected scheme none/0
[  3889.012] (**) VirtualPS/2 VMware VMMouse: (accel) acceleration factor: 2.000
[  3889.012] (**) VirtualPS/2 VMware VMMouse: (accel) acceleration threshold: 4
[  3889.013] (II) event3  - VirtualPS/2 VMware VMMouse: is tagged by udev as: Mouse
[  3889.013] (II) event3  - VirtualPS/2 VMware VMMouse: device is a pointer
[  3889.014] (II) config/udev: Adding input device VirtualPS/2 VMware VMMouse (/dev/input/mouse1)
[  3889.014] (II) No input driver specified, ignoring this device.
[  3889.014] (II) This device may have been added with another device file.
[  3889.014] (II) config/udev: Adding input device VirtualPS/2 VMware VMMouse (/dev/input/event2)
[  3889.014] (**) VirtualPS/2 VMware VMMouse: Applying InputClass "libinput pointer catchall"
[  3889.014] (II) Using input driver 'libinput' for 'VirtualPS/2 VMware VMMouse'
[  3889.014] (**) VirtualPS/2 VMware VMMouse: always reports core events
[  3889.014] (**) Option "Device" "/dev/input/event2"
[  3889.015] (II) event2  - VirtualPS/2 VMware VMMouse: is tagged by udev as: Mouse
[  3889.015] (II) event2  - VirtualPS/2 VMware VMMouse: device is a pointer
[  3889.015] (II) event2  - VirtualPS/2 VMware VMMouse: device removed
[  3889.028] (**) Option "config_info" "udev:/sys/devices/platform/i8042/serio1/input/input4/event2"
[  3889.028] (II) XINPUT: Adding extended input device "VirtualPS/2 VMware VMMouse" (type: MOUSE, id 10)
[  3889.028] (**) Option "AccelerationScheme" "none"
[  3889.029] (**) VirtualPS/2 VMware VMMouse: (accel) selected scheme none/0
[  3889.029] (**) VirtualPS/2 VMware VMMouse: (accel) acceleration factor: 2.000
[  3889.029] (**) VirtualPS/2 VMware VMMouse: (accel) acceleration threshold: 4
[  3889.029] (II) event2  - VirtualPS/2 VMware VMMouse: is tagged by udev as: Mouse
[  3889.029] (II) event2  - VirtualPS/2 VMware VMMouse: device is a pointer
[  3889.030] (II) config/udev: Adding input device VirtualPS/2 VMware VMMouse (/dev/input/mouse0)
[  3889.030] (II) No input driver specified, ignoring this device.
[  3889.030] (II) This device may have been added with another device file.
[  3898.462] (II) modeset(0): EDID vendor "RHT", prod id 4660
[  3898.463] (II) modeset(0): Using EDID range info for horizontal sync
[  3898.463] (II) modeset(0): Using EDID range info for vertical refresh
[  3898.463] (II) modeset(0): Printing DDC gathered Modelines:
[  3898.463] (II) modeset(0): Modeline "1280x800"x0.0  107.30  1280 1600 1638 1728  800 804 808 828 -hsync -vsync (62.1 kHz eP)
[  3898.463] (II) modeset(0): Modeline "1280x768"x0.0   79.50  1280 1344 1472 1664  768 771 778 798 -hsync +vsync (47.8 kHz e)
[  3898.463] (II) modeset(0): Modeline "1360x768"x0.0   85.50  1360 1424 1536 1792  768 771 777 795 +hsync +vsync (47.7 kHz e)
[  3898.463] (II) modeset(0): Modeline "1400x1050"x0.0  121.75  1400 1488 1632 1864  1050 1053 1057 1089 -hsync +vsync (65.3 kHz e)
[  3898.463] (II) modeset(0): Modeline "1792x1344"x0.0  204.75  1792 1920 2120 2448  1344 1345 1348 1394 -hsync +vsync (83.6 kHz e)
[  3898.463] (II) modeset(0): Modeline "1856x1392"x0.0  218.25  1856 1952 2176 2528  1392 1393 1396 1439 -hsync +vsync (86.3 kHz e)
[  3898.463] (II) modeset(0): Modeline "1920x1440"x0.0  234.00  1920 2048 2256 2600  1440 1441 1444 1500 -hsync +vsync (90.0 kHz e)
[  3898.463] (II) modeset(0): Modeline "1920x1080"x0.0  148.50  1920 2448 2492 2640  1080 1084 1089 1125 +hsync +vsync (56.2 kHz e)
[  3898.463] (II) modeset(0): Modeline "800x600"x0.0   40.00  800 840 968 1056  600 601 605 628 +hsync +vsync (37.9 kHz e)
[  3898.463] (II) modeset(0): Modeline "640x480"x0.0   25.18  640 656 752 800  480 490 492 525 -hsync -vsync (31.5 kHz e)
[  3898.463] (II) modeset(0): Modeline "1024x768"x0.0   65.00  1024 1048 1184 1344  768 771 777 806 -hsync -vsync (48.4 kHz e)
[  3898.463] (II) modeset(0): Modeline "2048x1152"x60.0  197.97  2048 2184 2408 2768  1152 1153 1156 1192 -hsync +vsync (71.5 kHz e)
[  3898.463] (II) modeset(0): Modeline "1920x1080"x60.0  172.80  1920 2040 2248 2576  1080 1081 1084 1118 -hsync +vsync (67.1 kHz e)
[  3898.463] (II) modeset(0): Modeline "1920x1200"x0.0  193.25  1920 2056 2256 2592  1200 1203 1209 1245 -hsync +vsync (74.6 kHz e)
[  3898.463] (II) modeset(0): Modeline "1600x1200"x0.0  162.00  1600 1664 1856 2160  1200 1201 1204 1250 +hsync +vsync (75.0 kHz e)
[  3898.463] (II) modeset(0): Modeline "1680x1050"x0.0  146.25  1680 1784 1960 2240  1050 1053 1059 1089 -hsync +vsync (65.3 kHz e)
[  3898.463] (II) modeset(0): Modeline "1440x900"x0.0  106.50  1440 1520 1672 1904  900 903 909 934 -hsync +vsync (55.9 kHz e)
[  3898.463] (II) modeset(0): Modeline "1280x1024"x0.0  108.00  1280 1328 1440 1688  1024 1025 1028 1066 +hsync +vsync (64.0 kHz e)
[  3898.463] (II) modeset(0): Modeline "1280x960"x0.0  108.00  1280 1376 1488 1800  960 961 964 1000 +hsync +vsync (60.0 kHz e)
[  3905.598] (II) modeset(0): Disabling kernel dirty updates, not required.
[  4482.589] (II) event0  - Power Button: device removed
[  4482.612] (II) event4  - QEMU QEMU USB Tablet: device removed
[  4482.632] (II) event1  - AT Translated Set 2 keyboard: device removed
[  4482.656] (II) event3  - VirtualPS/2 VMware VMMouse: device removed
[  4482.672] (II) event2  - VirtualPS/2 VMware VMMouse: device removed
[  4482.695] (II) UnloadModule: "libinput"
[  4482.695] (II) UnloadModule: "libinput"
[  4482.695] (II) UnloadModule: "libinput"
[  4482.695] (II) UnloadModule: "libinput"
[  4482.696] (II) UnloadModule: "libinput"
[  4482.780] (II) Server terminated successfully (0). Closing log file.
